Build started 11/16/2013 7:38:44 PM.
     1>Project "C:\Users\Lindsey\Documents\Visual Studio 2012\Projects\Interpolation\SimpleGLUT\SimpleGLUT.vcxproj" on node 2 (Build target(s)).
     1>ClCompile:
         C:\Program Files (x86)\Microsoft Visual Studio 11.0\VC\bin\CL.exe /c /ZI /nologo /W3 /WX- /Od /Oy- /D WIN32 /D _DEBUG /D _CONSOLE /D _VC80_UPGRADE=0x0600 /D _MBCS /Gm /EHsc /RTC1 /MTd /GS /fp:precise /Zc:wchar_t /Zc:forScope /Yc"stdafx.h" /Fp".\Debug/SimpleGLUT.pch" /Fo".\Debug/" /Fd".\Debug/vc110.pdb" /Gd /TP /analyze- /errorReport:prompt StdAfx.cpp
         StdAfx.cpp
         C:\Program Files (x86)\Microsoft Visual Studio 11.0\VC\bin\CL.exe /c /ZI /nologo /W3 /WX- /Od /Oy- /D WIN32 /D _DEBUG /D _CONSOLE /D _VC80_UPGRADE=0x0600 /D _MBCS /Gm /EHsc /RTC1 /MTd /GS /fp:precise /Zc:wchar_t /Zc:forScope /Fo".\Debug/" /Fd".\Debug/vc110.pdb" /Gd /TP /analyze- /errorReport:prompt SimpleGlut.cpp matrix.cpp
         matrix.cpp
         SimpleGlut.cpp
     1>c:\users\lindsey\documents\visual studio 2012\projects\interpolation\simpleglut\keyframe.h(95): warning C4172: returning address of local variable or temporary
     1>c:\users\lindsey\documents\visual studio 2012\projects\interpolation\simpleglut\modelview.h(61): warning C4018: '<' : signed/unsigned mismatch
     1>c:\users\lindsey\documents\visual studio 2012\projects\interpolation\simpleglut\modelview.h(65): warning C4018: '<' : signed/unsigned mismatch
     1>c:\users\lindsey\documents\visual studio 2012\projects\interpolation\simpleglut\modelview.h(77): warning C4018: '<' : signed/unsigned mismatch
     1>c:\users\lindsey\documents\visual studio 2012\projects\interpolation\simpleglut\modelview.h(230): warning C4018: '<' : signed/unsigned mismatch
     1>c:\users\lindsey\documents\visual studio 2012\projects\interpolation\simpleglut\simpleglut.cpp(155): warning C4018: '<' : signed/unsigned mismatch
     1>c:\users\lindsey\documents\visual studio 2012\projects\interpolation\simpleglut\simpleglut.cpp(163): warning C4018: '<' : signed/unsigned mismatch
     1>c:\users\lindsey\documents\visual studio 2012\projects\interpolation\simpleglut\simpleglut.cpp(239): warning C4101: 'preloaded' : unreferenced local variable
         Generating Code...
       ResourceCompile:
         C:\Program Files (x86)\Windows Kits\8.0\bin\x86\rc.exe /D _DEBUG /D _VC80_UPGRADE=0x0600 /l"0x0409" /nologo /fo".\Debug\simpleGlut.res" simpleGlut.rc 
       Link:
         C:\Program Files (x86)\Microsoft Visual Studio 11.0\VC\bin\link.exe /ERRORREPORT:PROMPT /OUT:".\Debug/SimpleGLUT.exe" /INCREMENTAL /NOLOGO odbc32.lib odbccp32.lib opengl32.lib glu32.lib glut32.lib kernel32.lib user32.lib gdi32.lib winspool.lib comdlg32.lib advapi32.lib shell32.lib ole32.lib oleaut32.lib uuid.lib odbc32.lib odbccp32.lib /MANIFEST /MANIFESTUAC:"level='asInvoker' uiAccess='false'" /manifest:embed /DEBUG /PDB:".\Debug/SimpleGLUT.pdb" /SUBSYSTEM:CONSOLE /TLBID:1 /DYNAMICBASE:NO /IMPLIB:".\Debug\SimpleGlut.lib" /MACHINE:X86 /SAFESEH .\Debug\simpleGlut.res
         .\Debug/matrix.obj
         .\Debug/SimpleGlut.obj
         .\Debug/StdAfx.obj
     1>matrix.obj : warning LNK4075: ignoring '/EDITANDCONTINUE' due to '/SAFESEH' specification
         SimpleGLUT.vcxproj -> C:\Users\Lindsey\Documents\Visual Studio 2012\Projects\Interpolation\SimpleGLUT\.\Debug\SimpleGlut.exe
     1>Done Building Project "C:\Users\Lindsey\Documents\Visual Studio 2012\Projects\Interpolation\SimpleGLUT\SimpleGLUT.vcxproj" (Build target(s)).

Build succeeded.

Time Elapsed 00:00:03.51
