C:\USERS\LINDSEY\DOCUMENTS\VISUAL STUDIO 2012\PROJECTS\SIMPLEGLUT\SIMPLEGLUT\DEBUG\SIMPLEGLUT.PCH
C:\USERS\LINDSEY\DOCUMENTS\VISUAL STUDIO 2012\PROJECTS\SIMPLEGLUT\SIMPLEGLUT\DEBUG\STDAFX.OBJ
C:\USERS\LINDSEY\DOCUMENTS\VISUAL STUDIO 2012\PROJECTS\SIMPLEGLUT\SIMPLEGLUT\DEBUG\VC110.PDB
C:\USERS\LINDSEY\DOCUMENTS\VISUAL STUDIO 2012\PROJECTS\SIMPLEGLUT\SIMPLEGLUT\DEBUG\SIMPLEGLUT.OBJ
C:\USERS\LINDSEY\DOCUMENTS\VISUAL STUDIO 2012\PROJECTS\INTERPOLATION\SIMPLEGLUT\DEBUG\SIMPLEGLUT.PCH
C:\USERS\LINDSEY\DOCUMENTS\VISUAL STUDIO 2012\PROJECTS\INTERPOLATION\SIMPLEGLUT\DEBUG\STDAFX.OBJ
C:\USERS\LINDSEY\DOCUMENTS\VISUAL STUDIO 2012\PROJECTS\INTERPOLATION\SIMPLEGLUT\DEBUG\VC110.PDB
C:\USERS\LINDSEY\DOCUMENTS\VISUAL STUDIO 2012\PROJECTS\INTERPOLATION\SIMPLEGLUT\DEBUG\SIMPLEGLUT.OBJ
C:\USERS\LINDSEY\DOCUMENTS\VISUAL STUDIO 2012\PROJECTS\INTERPOLATION\SIMPLEGLUT\DEBUG\MATRIX.OBJ
C:\USERS\LINDSEY\DOCUMENTS\VISUAL STUDIO 2012\PROJECTS\SIMPLEGLUT\SIMPLEGLUT\DEBUG\SIMPLEGLUT.ILK
C:\USERS\LINDSEY\DOCUMENTS\VISUAL STUDIO 2012\PROJECTS\SIMPLEGLUT\SIMPLEGLUT\DEBUG\SIMPLEGLUT.EXE
C:\USERS\LINDSEY\DOCUMENTS\VISUAL STUDIO 2012\PROJECTS\SIMPLEGLUT\SIMPLEGLUT\DEBUG\SIMPLEGLUT.PDB
C:\USERS\LINDSEY\DOCUMENTS\VISUAL STUDIO 2012\PROJECTS\INTERPOLATION\SIMPLEGLUT\DEBUG\SIMPLEGLUT.ILK
C:\USERS\LINDSEY\DOCUMENTS\VISUAL STUDIO 2012\PROJECTS\INTERPOLATION\SIMPLEGLUT\DEBUG\SIMPLEGLUT.EXE
C:\USERS\LINDSEY\DOCUMENTS\VISUAL STUDIO 2012\PROJECTS\INTERPOLATION\SIMPLEGLUT\DEBUG\SIMPLEGLUT.PDB
C:\USERS\LINDSEY\DOCUMENTS\VISUAL STUDIO 2012\PROJECTS\INTERPOLATION\SIMPLEGLUT\DEBUG\SIMPLEGLUT.RES
C:\Users\Lindsey\Documents\Visual Studio 2012\Projects\Interpolation\SimpleGLUT\Debug\matrix.obj
C:\Users\Lindsey\Documents\Visual Studio 2012\Projects\Interpolation\SimpleGLUT\Debug\SimpleGLUT.obj
C:\Users\Lindsey\Documents\Visual Studio 2012\Projects\Interpolation\SimpleGLUT\Debug\StdAfx.obj
C:\Users\Lindsey\Documents\Visual Studio 2012\Projects\Interpolation\SimpleGLUT\Debug\SimpleGLUT.ilk
C:\Users\Lindsey\Documents\Visual Studio 2012\Projects\Interpolation\SimpleGLUT\Debug\cl.command.1.tlog
C:\Users\Lindsey\Documents\Visual Studio 2012\Projects\Interpolation\SimpleGLUT\Debug\CL.read.1.tlog
C:\Users\Lindsey\Documents\Visual Studio 2012\Projects\Interpolation\SimpleGLUT\Debug\CL.write.1.tlog
C:\Users\Lindsey\Documents\Visual Studio 2012\Projects\Interpolation\SimpleGLUT\Debug\link-cvtres.read.1.tlog
C:\Users\Lindsey\Documents\Visual Studio 2012\Projects\Interpolation\SimpleGLUT\Debug\link-cvtres.write.1.tlog
C:\Users\Lindsey\Documents\Visual Studio 2012\Projects\Interpolation\SimpleGLUT\Debug\link-rc.read.1.tlog
C:\Users\Lindsey\Documents\Visual Studio 2012\Projects\Interpolation\SimpleGLUT\Debug\link-rc.write.1.tlog
C:\Users\Lindsey\Documents\Visual Studio 2012\Projects\Interpolation\SimpleGLUT\Debug\link.10164-cvtres.read.1.tlog
C:\Users\Lindsey\Documents\Visual Studio 2012\Projects\Interpolation\SimpleGLUT\Debug\link.10164-cvtres.write.1.tlog
C:\Users\Lindsey\Documents\Visual Studio 2012\Projects\Interpolation\SimpleGLUT\Debug\link.10164-rc.read.1.tlog
C:\Users\Lindsey\Documents\Visual Studio 2012\Projects\Interpolation\SimpleGLUT\Debug\link.10164-rc.write.1.tlog
C:\Users\Lindsey\Documents\Visual Studio 2012\Projects\Interpolation\SimpleGLUT\Debug\link.10164.read.1.tlog
C:\Users\Lindsey\Documents\Visual Studio 2012\Projects\Interpolation\SimpleGLUT\Debug\link.10164.write.1.tlog
C:\Users\Lindsey\Documents\Visual Studio 2012\Projects\Interpolation\SimpleGLUT\Debug\link.11032-cvtres.read.1.tlog
C:\Users\Lindsey\Documents\Visual Studio 2012\Projects\Interpolation\SimpleGLUT\Debug\link.11032-cvtres.write.1.tlog
C:\Users\Lindsey\Documents\Visual Studio 2012\Projects\Interpolation\SimpleGLUT\Debug\link.11032-rc.read.1.tlog
C:\Users\Lindsey\Documents\Visual Studio 2012\Projects\Interpolation\SimpleGLUT\Debug\link.11032-rc.write.1.tlog
C:\Users\Lindsey\Documents\Visual Studio 2012\Projects\Interpolation\SimpleGLUT\Debug\link.11032.read.1.tlog
C:\Users\Lindsey\Documents\Visual Studio 2012\Projects\Interpolation\SimpleGLUT\Debug\link.11032.write.1.tlog
C:\Users\Lindsey\Documents\Visual Studio 2012\Projects\Interpolation\SimpleGLUT\Debug\link.11136-cvtres.read.1.tlog
C:\Users\Lindsey\Documents\Visual Studio 2012\Projects\Interpolation\SimpleGLUT\Debug\link.11136-cvtres.write.1.tlog
C:\Users\Lindsey\Documents\Visual Studio 2012\Projects\Interpolation\SimpleGLUT\Debug\link.11136-rc.read.1.tlog
C:\Users\Lindsey\Documents\Visual Studio 2012\Projects\Interpolation\SimpleGLUT\Debug\link.11136-rc.write.1.tlog
C:\Users\Lindsey\Documents\Visual Studio 2012\Projects\Interpolation\SimpleGLUT\Debug\link.11136.read.1.tlog
C:\Users\Lindsey\Documents\Visual Studio 2012\Projects\Interpolation\SimpleGLUT\Debug\link.11136.write.1.tlog
C:\Users\Lindsey\Documents\Visual Studio 2012\Projects\Interpolation\SimpleGLUT\Debug\link.11156-cvtres.read.1.tlog
C:\Users\Lindsey\Documents\Visual Studio 2012\Projects\Interpolation\SimpleGLUT\Debug\link.11156-cvtres.write.1.tlog
C:\Users\Lindsey\Documents\Visual Studio 2012\Projects\Interpolation\SimpleGLUT\Debug\link.11156-rc.read.1.tlog
C:\Users\Lindsey\Documents\Visual Studio 2012\Projects\Interpolation\SimpleGLUT\Debug\link.11156-rc.write.1.tlog
C:\Users\Lindsey\Documents\Visual Studio 2012\Projects\Interpolation\SimpleGLUT\Debug\link.11156.read.1.tlog
C:\Users\Lindsey\Documents\Visual Studio 2012\Projects\Interpolation\SimpleGLUT\Debug\link.11156.write.1.tlog
C:\Users\Lindsey\Documents\Visual Studio 2012\Projects\Interpolation\SimpleGLUT\Debug\link.11256-cvtres.read.1.tlog
C:\Users\Lindsey\Documents\Visual Studio 2012\Projects\Interpolation\SimpleGLUT\Debug\link.11256-cvtres.write.1.tlog
C:\Users\Lindsey\Documents\Visual Studio 2012\Projects\Interpolation\SimpleGLUT\Debug\link.11256-rc.read.1.tlog
C:\Users\Lindsey\Documents\Visual Studio 2012\Projects\Interpolation\SimpleGLUT\Debug\link.11256-rc.write.1.tlog
C:\Users\Lindsey\Documents\Visual Studio 2012\Projects\Interpolation\SimpleGLUT\Debug\link.11256.read.1.tlog
C:\Users\Lindsey\Documents\Visual Studio 2012\Projects\Interpolation\SimpleGLUT\Debug\link.11256.write.1.tlog
C:\Users\Lindsey\Documents\Visual Studio 2012\Projects\Interpolation\SimpleGLUT\Debug\link.2260-cvtres.read.1.tlog
C:\Users\Lindsey\Documents\Visual Studio 2012\Projects\Interpolation\SimpleGLUT\Debug\link.2260-cvtres.write.1.tlog
C:\Users\Lindsey\Documents\Visual Studio 2012\Projects\Interpolation\SimpleGLUT\Debug\link.2260-rc.read.1.tlog
C:\Users\Lindsey\Documents\Visual Studio 2012\Projects\Interpolation\SimpleGLUT\Debug\link.2260-rc.write.1.tlog
C:\Users\Lindsey\Documents\Visual Studio 2012\Projects\Interpolation\SimpleGLUT\Debug\link.2260.read.1.tlog
C:\Users\Lindsey\Documents\Visual Studio 2012\Projects\Interpolation\SimpleGLUT\Debug\link.2260.write.1.tlog
C:\Users\Lindsey\Documents\Visual Studio 2012\Projects\Interpolation\SimpleGLUT\Debug\link.2664-cvtres.read.1.tlog
C:\Users\Lindsey\Documents\Visual Studio 2012\Projects\Interpolation\SimpleGLUT\Debug\link.2664-cvtres.write.1.tlog
C:\Users\Lindsey\Documents\Visual Studio 2012\Projects\Interpolation\SimpleGLUT\Debug\link.2664-rc.read.1.tlog
C:\Users\Lindsey\Documents\Visual Studio 2012\Projects\Interpolation\SimpleGLUT\Debug\link.2664-rc.write.1.tlog
C:\Users\Lindsey\Documents\Visual Studio 2012\Projects\Interpolation\SimpleGLUT\Debug\link.2664.read.1.tlog
C:\Users\Lindsey\Documents\Visual Studio 2012\Projects\Interpolation\SimpleGLUT\Debug\link.2664.write.1.tlog
C:\Users\Lindsey\Documents\Visual Studio 2012\Projects\Interpolation\SimpleGLUT\Debug\link.3448-cvtres.read.1.tlog
C:\Users\Lindsey\Documents\Visual Studio 2012\Projects\Interpolation\SimpleGLUT\Debug\link.3448-cvtres.write.1.tlog
C:\Users\Lindsey\Documents\Visual Studio 2012\Projects\Interpolation\SimpleGLUT\Debug\link.3448-rc.read.1.tlog
C:\Users\Lindsey\Documents\Visual Studio 2012\Projects\Interpolation\SimpleGLUT\Debug\link.3448-rc.write.1.tlog
C:\Users\Lindsey\Documents\Visual Studio 2012\Projects\Interpolation\SimpleGLUT\Debug\link.3448.read.1.tlog
C:\Users\Lindsey\Documents\Visual Studio 2012\Projects\Interpolation\SimpleGLUT\Debug\link.3448.write.1.tlog
C:\Users\Lindsey\Documents\Visual Studio 2012\Projects\Interpolation\SimpleGLUT\Debug\link.4060-cvtres.read.1.tlog
C:\Users\Lindsey\Documents\Visual Studio 2012\Projects\Interpolation\SimpleGLUT\Debug\link.4060-cvtres.write.1.tlog
C:\Users\Lindsey\Documents\Visual Studio 2012\Projects\Interpolation\SimpleGLUT\Debug\link.4060-rc.read.1.tlog
C:\Users\Lindsey\Documents\Visual Studio 2012\Projects\Interpolation\SimpleGLUT\Debug\link.4060-rc.write.1.tlog
C:\Users\Lindsey\Documents\Visual Studio 2012\Projects\Interpolation\SimpleGLUT\Debug\link.4060.read.1.tlog
C:\Users\Lindsey\Documents\Visual Studio 2012\Projects\Interpolation\SimpleGLUT\Debug\link.4060.write.1.tlog
C:\Users\Lindsey\Documents\Visual Studio 2012\Projects\Interpolation\SimpleGLUT\Debug\link.5384-cvtres.read.1.tlog
C:\Users\Lindsey\Documents\Visual Studio 2012\Projects\Interpolation\SimpleGLUT\Debug\link.5384-cvtres.write.1.tlog
C:\Users\Lindsey\Documents\Visual Studio 2012\Projects\Interpolation\SimpleGLUT\Debug\link.5384-rc.read.1.tlog
C:\Users\Lindsey\Documents\Visual Studio 2012\Projects\Interpolation\SimpleGLUT\Debug\link.5384-rc.write.1.tlog
C:\Users\Lindsey\Documents\Visual Studio 2012\Projects\Interpolation\SimpleGLUT\Debug\link.5384.read.1.tlog
C:\Users\Lindsey\Documents\Visual Studio 2012\Projects\Interpolation\SimpleGLUT\Debug\link.5384.write.1.tlog
C:\Users\Lindsey\Documents\Visual Studio 2012\Projects\Interpolation\SimpleGLUT\Debug\link.5944-cvtres.read.1.tlog
C:\Users\Lindsey\Documents\Visual Studio 2012\Projects\Interpolation\SimpleGLUT\Debug\link.5944-cvtres.write.1.tlog
C:\Users\Lindsey\Documents\Visual Studio 2012\Projects\Interpolation\SimpleGLUT\Debug\link.5944-rc.read.1.tlog
C:\Users\Lindsey\Documents\Visual Studio 2012\Projects\Interpolation\SimpleGLUT\Debug\link.5944-rc.write.1.tlog
C:\Users\Lindsey\Documents\Visual Studio 2012\Projects\Interpolation\SimpleGLUT\Debug\link.5944.read.1.tlog
C:\Users\Lindsey\Documents\Visual Studio 2012\Projects\Interpolation\SimpleGLUT\Debug\link.5944.write.1.tlog
C:\Users\Lindsey\Documents\Visual Studio 2012\Projects\Interpolation\SimpleGLUT\Debug\link.6012-cvtres.read.1.tlog
C:\Users\Lindsey\Documents\Visual Studio 2012\Projects\Interpolation\SimpleGLUT\Debug\link.6012-cvtres.write.1.tlog
C:\Users\Lindsey\Documents\Visual Studio 2012\Projects\Interpolation\SimpleGLUT\Debug\link.6012-rc.read.1.tlog
C:\Users\Lindsey\Documents\Visual Studio 2012\Projects\Interpolation\SimpleGLUT\Debug\link.6012-rc.write.1.tlog
C:\Users\Lindsey\Documents\Visual Studio 2012\Projects\Interpolation\SimpleGLUT\Debug\link.6012.read.1.tlog
C:\Users\Lindsey\Documents\Visual Studio 2012\Projects\Interpolation\SimpleGLUT\Debug\link.6012.write.1.tlog
C:\Users\Lindsey\Documents\Visual Studio 2012\Projects\Interpolation\SimpleGLUT\Debug\link.6176-cvtres.read.1.tlog
C:\Users\Lindsey\Documents\Visual Studio 2012\Projects\Interpolation\SimpleGLUT\Debug\link.6176-cvtres.write.1.tlog
C:\Users\Lindsey\Documents\Visual Studio 2012\Projects\Interpolation\SimpleGLUT\Debug\link.6176-rc.read.1.tlog
C:\Users\Lindsey\Documents\Visual Studio 2012\Projects\Interpolation\SimpleGLUT\Debug\link.6176-rc.write.1.tlog
C:\Users\Lindsey\Documents\Visual Studio 2012\Projects\Interpolation\SimpleGLUT\Debug\link.6176.read.1.tlog
C:\Users\Lindsey\Documents\Visual Studio 2012\Projects\Interpolation\SimpleGLUT\Debug\link.6176.write.1.tlog
C:\Users\Lindsey\Documents\Visual Studio 2012\Projects\Interpolation\SimpleGLUT\Debug\link.6272-cvtres.read.1.tlog
C:\Users\Lindsey\Documents\Visual Studio 2012\Projects\Interpolation\SimpleGLUT\Debug\link.6272-cvtres.write.1.tlog
C:\Users\Lindsey\Documents\Visual Studio 2012\Projects\Interpolation\SimpleGLUT\Debug\link.6272-rc.read.1.tlog
C:\Users\Lindsey\Documents\Visual Studio 2012\Projects\Interpolation\SimpleGLUT\Debug\link.6272-rc.write.1.tlog
C:\Users\Lindsey\Documents\Visual Studio 2012\Projects\Interpolation\SimpleGLUT\Debug\link.6272.read.1.tlog
C:\Users\Lindsey\Documents\Visual Studio 2012\Projects\Interpolation\SimpleGLUT\Debug\link.6272.write.1.tlog
C:\Users\Lindsey\Documents\Visual Studio 2012\Projects\Interpolation\SimpleGLUT\Debug\link.6712-cvtres.read.1.tlog
C:\Users\Lindsey\Documents\Visual Studio 2012\Projects\Interpolation\SimpleGLUT\Debug\link.6712-cvtres.write.1.tlog
C:\Users\Lindsey\Documents\Visual Studio 2012\Projects\Interpolation\SimpleGLUT\Debug\link.6712-rc.read.1.tlog
C:\Users\Lindsey\Documents\Visual Studio 2012\Projects\Interpolation\SimpleGLUT\Debug\link.6712-rc.write.1.tlog
C:\Users\Lindsey\Documents\Visual Studio 2012\Projects\Interpolation\SimpleGLUT\Debug\link.6712.read.1.tlog
C:\Users\Lindsey\Documents\Visual Studio 2012\Projects\Interpolation\SimpleGLUT\Debug\link.6712.write.1.tlog
C:\Users\Lindsey\Documents\Visual Studio 2012\Projects\Interpolation\SimpleGLUT\Debug\link.7424-cvtres.read.1.tlog
C:\Users\Lindsey\Documents\Visual Studio 2012\Projects\Interpolation\SimpleGLUT\Debug\link.7424-cvtres.write.1.tlog
C:\Users\Lindsey\Documents\Visual Studio 2012\Projects\Interpolation\SimpleGLUT\Debug\link.7424-rc.read.1.tlog
C:\Users\Lindsey\Documents\Visual Studio 2012\Projects\Interpolation\SimpleGLUT\Debug\link.7424-rc.write.1.tlog
C:\Users\Lindsey\Documents\Visual Studio 2012\Projects\Interpolation\SimpleGLUT\Debug\link.7424.read.1.tlog
C:\Users\Lindsey\Documents\Visual Studio 2012\Projects\Interpolation\SimpleGLUT\Debug\link.7424.write.1.tlog
C:\Users\Lindsey\Documents\Visual Studio 2012\Projects\Interpolation\SimpleGLUT\Debug\link.7548-cvtres.read.1.tlog
C:\Users\Lindsey\Documents\Visual Studio 2012\Projects\Interpolation\SimpleGLUT\Debug\link.7548-cvtres.write.1.tlog
C:\Users\Lindsey\Documents\Visual Studio 2012\Projects\Interpolation\SimpleGLUT\Debug\link.7548-rc.read.1.tlog
C:\Users\Lindsey\Documents\Visual Studio 2012\Projects\Interpolation\SimpleGLUT\Debug\link.7548-rc.write.1.tlog
C:\Users\Lindsey\Documents\Visual Studio 2012\Projects\Interpolation\SimpleGLUT\Debug\link.7548.read.1.tlog
C:\Users\Lindsey\Documents\Visual Studio 2012\Projects\Interpolation\SimpleGLUT\Debug\link.7548.write.1.tlog
C:\Users\Lindsey\Documents\Visual Studio 2012\Projects\Interpolation\SimpleGLUT\Debug\link.7692-cvtres.read.1.tlog
C:\Users\Lindsey\Documents\Visual Studio 2012\Projects\Interpolation\SimpleGLUT\Debug\link.7692-cvtres.write.1.tlog
C:\Users\Lindsey\Documents\Visual Studio 2012\Projects\Interpolation\SimpleGLUT\Debug\link.7692-rc.read.1.tlog
C:\Users\Lindsey\Documents\Visual Studio 2012\Projects\Interpolation\SimpleGLUT\Debug\link.7692-rc.write.1.tlog
C:\Users\Lindsey\Documents\Visual Studio 2012\Projects\Interpolation\SimpleGLUT\Debug\link.7692.read.1.tlog
C:\Users\Lindsey\Documents\Visual Studio 2012\Projects\Interpolation\SimpleGLUT\Debug\link.7692.write.1.tlog
C:\Users\Lindsey\Documents\Visual Studio 2012\Projects\Interpolation\SimpleGLUT\Debug\link.8408-cvtres.read.1.tlog
C:\Users\Lindsey\Documents\Visual Studio 2012\Projects\Interpolation\SimpleGLUT\Debug\link.8408-cvtres.write.1.tlog
C:\Users\Lindsey\Documents\Visual Studio 2012\Projects\Interpolation\SimpleGLUT\Debug\link.8408-rc.read.1.tlog
C:\Users\Lindsey\Documents\Visual Studio 2012\Projects\Interpolation\SimpleGLUT\Debug\link.8408-rc.write.1.tlog
C:\Users\Lindsey\Documents\Visual Studio 2012\Projects\Interpolation\SimpleGLUT\Debug\link.8408.read.1.tlog
C:\Users\Lindsey\Documents\Visual Studio 2012\Projects\Interpolation\SimpleGLUT\Debug\link.8408.write.1.tlog
C:\Users\Lindsey\Documents\Visual Studio 2012\Projects\Interpolation\SimpleGLUT\Debug\link.8604-cvtres.read.1.tlog
C:\Users\Lindsey\Documents\Visual Studio 2012\Projects\Interpolation\SimpleGLUT\Debug\link.8604-cvtres.write.1.tlog
C:\Users\Lindsey\Documents\Visual Studio 2012\Projects\Interpolation\SimpleGLUT\Debug\link.8604-rc.read.1.tlog
C:\Users\Lindsey\Documents\Visual Studio 2012\Projects\Interpolation\SimpleGLUT\Debug\link.8604-rc.write.1.tlog
C:\Users\Lindsey\Documents\Visual Studio 2012\Projects\Interpolation\SimpleGLUT\Debug\link.8604.read.1.tlog
C:\Users\Lindsey\Documents\Visual Studio 2012\Projects\Interpolation\SimpleGLUT\Debug\link.8604.write.1.tlog
C:\Users\Lindsey\Documents\Visual Studio 2012\Projects\Interpolation\SimpleGLUT\Debug\link.8680-cvtres.read.1.tlog
C:\Users\Lindsey\Documents\Visual Studio 2012\Projects\Interpolation\SimpleGLUT\Debug\link.8680-cvtres.write.1.tlog
C:\Users\Lindsey\Documents\Visual Studio 2012\Projects\Interpolation\SimpleGLUT\Debug\link.8680-rc.read.1.tlog
C:\Users\Lindsey\Documents\Visual Studio 2012\Projects\Interpolation\SimpleGLUT\Debug\link.8680-rc.write.1.tlog
C:\Users\Lindsey\Documents\Visual Studio 2012\Projects\Interpolation\SimpleGLUT\Debug\link.8680.read.1.tlog
C:\Users\Lindsey\Documents\Visual Studio 2012\Projects\Interpolation\SimpleGLUT\Debug\link.8680.write.1.tlog
C:\Users\Lindsey\Documents\Visual Studio 2012\Projects\Interpolation\SimpleGLUT\Debug\link.9128-cvtres.read.1.tlog
C:\Users\Lindsey\Documents\Visual Studio 2012\Projects\Interpolation\SimpleGLUT\Debug\link.9128-cvtres.write.1.tlog
C:\Users\Lindsey\Documents\Visual Studio 2012\Projects\Interpolation\SimpleGLUT\Debug\link.9128-rc.read.1.tlog
C:\Users\Lindsey\Documents\Visual Studio 2012\Projects\Interpolation\SimpleGLUT\Debug\link.9128-rc.write.1.tlog
C:\Users\Lindsey\Documents\Visual Studio 2012\Projects\Interpolation\SimpleGLUT\Debug\link.9128.read.1.tlog
C:\Users\Lindsey\Documents\Visual Studio 2012\Projects\Interpolation\SimpleGLUT\Debug\link.9128.write.1.tlog
C:\Users\Lindsey\Documents\Visual Studio 2012\Projects\Interpolation\SimpleGLUT\Debug\link.9264-cvtres.read.1.tlog
C:\Users\Lindsey\Documents\Visual Studio 2012\Projects\Interpolation\SimpleGLUT\Debug\link.9264-cvtres.write.1.tlog
C:\Users\Lindsey\Documents\Visual Studio 2012\Projects\Interpolation\SimpleGLUT\Debug\link.9264-rc.read.1.tlog
C:\Users\Lindsey\Documents\Visual Studio 2012\Projects\Interpolation\SimpleGLUT\Debug\link.9264-rc.write.1.tlog
C:\Users\Lindsey\Documents\Visual Studio 2012\Projects\Interpolation\SimpleGLUT\Debug\link.9264.read.1.tlog
C:\Users\Lindsey\Documents\Visual Studio 2012\Projects\Interpolation\SimpleGLUT\Debug\link.9264.write.1.tlog
C:\Users\Lindsey\Documents\Visual Studio 2012\Projects\Interpolation\SimpleGLUT\Debug\link.9416-cvtres.read.1.tlog
C:\Users\Lindsey\Documents\Visual Studio 2012\Projects\Interpolation\SimpleGLUT\Debug\link.9416-cvtres.write.1.tlog
C:\Users\Lindsey\Documents\Visual Studio 2012\Projects\Interpolation\SimpleGLUT\Debug\link.9416-rc.read.1.tlog
C:\Users\Lindsey\Documents\Visual Studio 2012\Projects\Interpolation\SimpleGLUT\Debug\link.9416-rc.write.1.tlog
C:\Users\Lindsey\Documents\Visual Studio 2012\Projects\Interpolation\SimpleGLUT\Debug\link.9416.read.1.tlog
C:\Users\Lindsey\Documents\Visual Studio 2012\Projects\Interpolation\SimpleGLUT\Debug\link.9416.write.1.tlog
C:\Users\Lindsey\Documents\Visual Studio 2012\Projects\Interpolation\SimpleGLUT\Debug\link.9520-cvtres.read.1.tlog
C:\Users\Lindsey\Documents\Visual Studio 2012\Projects\Interpolation\SimpleGLUT\Debug\link.9520-cvtres.write.1.tlog
C:\Users\Lindsey\Documents\Visual Studio 2012\Projects\Interpolation\SimpleGLUT\Debug\link.9520-rc.read.1.tlog
C:\Users\Lindsey\Documents\Visual Studio 2012\Projects\Interpolation\SimpleGLUT\Debug\link.9520-rc.write.1.tlog
C:\Users\Lindsey\Documents\Visual Studio 2012\Projects\Interpolation\SimpleGLUT\Debug\link.9520.read.1.tlog
C:\Users\Lindsey\Documents\Visual Studio 2012\Projects\Interpolation\SimpleGLUT\Debug\link.9520.write.1.tlog
C:\Users\Lindsey\Documents\Visual Studio 2012\Projects\Interpolation\SimpleGLUT\Debug\link.9532-cvtres.read.1.tlog
C:\Users\Lindsey\Documents\Visual Studio 2012\Projects\Interpolation\SimpleGLUT\Debug\link.9532-cvtres.write.1.tlog
C:\Users\Lindsey\Documents\Visual Studio 2012\Projects\Interpolation\SimpleGLUT\Debug\link.9532-rc.read.1.tlog
C:\Users\Lindsey\Documents\Visual Studio 2012\Projects\Interpolation\SimpleGLUT\Debug\link.9532-rc.write.1.tlog
C:\Users\Lindsey\Documents\Visual Studio 2012\Projects\Interpolation\SimpleGLUT\Debug\link.9532.read.1.tlog
C:\Users\Lindsey\Documents\Visual Studio 2012\Projects\Interpolation\SimpleGLUT\Debug\link.9532.write.1.tlog
C:\Users\Lindsey\Documents\Visual Studio 2012\Projects\Interpolation\SimpleGLUT\Debug\link.9840-cvtres.read.1.tlog
C:\Users\Lindsey\Documents\Visual Studio 2012\Projects\Interpolation\SimpleGLUT\Debug\link.9840-cvtres.write.1.tlog
C:\Users\Lindsey\Documents\Visual Studio 2012\Projects\Interpolation\SimpleGLUT\Debug\link.9840-rc.read.1.tlog
C:\Users\Lindsey\Documents\Visual Studio 2012\Projects\Interpolation\SimpleGLUT\Debug\link.9840-rc.write.1.tlog
C:\Users\Lindsey\Documents\Visual Studio 2012\Projects\Interpolation\SimpleGLUT\Debug\link.9840.read.1.tlog
C:\Users\Lindsey\Documents\Visual Studio 2012\Projects\Interpolation\SimpleGLUT\Debug\link.9840.write.1.tlog
C:\Users\Lindsey\Documents\Visual Studio 2012\Projects\Interpolation\SimpleGLUT\Debug\link.9968-cvtres.read.1.tlog
C:\Users\Lindsey\Documents\Visual Studio 2012\Projects\Interpolation\SimpleGLUT\Debug\link.9968-cvtres.write.1.tlog
C:\Users\Lindsey\Documents\Visual Studio 2012\Projects\Interpolation\SimpleGLUT\Debug\link.9968-rc.read.1.tlog
C:\Users\Lindsey\Documents\Visual Studio 2012\Projects\Interpolation\SimpleGLUT\Debug\link.9968-rc.write.1.tlog
C:\Users\Lindsey\Documents\Visual Studio 2012\Projects\Interpolation\SimpleGLUT\Debug\link.9968.read.1.tlog
C:\Users\Lindsey\Documents\Visual Studio 2012\Projects\Interpolation\SimpleGLUT\Debug\link.9968.write.1.tlog
C:\Users\Lindsey\Documents\Visual Studio 2012\Projects\Interpolation\SimpleGLUT\Debug\link.command.1.tlog
C:\Users\Lindsey\Documents\Visual Studio 2012\Projects\Interpolation\SimpleGLUT\Debug\link.read.1.tlog
C:\Users\Lindsey\Documents\Visual Studio 2012\Projects\Interpolation\SimpleGLUT\Debug\link.write.1.tlog
C:\Users\Lindsey\Documents\Visual Studio 2012\Projects\Interpolation\SimpleGLUT\Debug\rc.command.1.tlog
C:\Users\Lindsey\Documents\Visual Studio 2012\Projects\Interpolation\SimpleGLUT\Debug\rc.read.1.tlog
C:\Users\Lindsey\Documents\Visual Studio 2012\Projects\Interpolation\SimpleGLUT\Debug\rc.write.1.tlog
C:\Users\Lindsey\Documents\Visual Studio 2012\Projects\Interpolation\SimpleGLUT\Debug\simpleGlut.res
C:\Users\Lindsey\Documents\Visual Studio 2012\Projects\Interpolation\SimpleGLUT\Debug\SimpleGLUT.pch
C:\Users\Lindsey\Documents\Visual Studio 2012\Projects\Interpolation\SimpleGLUT\Debug\vc110.idb
C:\Users\Lindsey\Documents\Visual Studio 2012\Projects\Interpolation\SimpleGLUT\Debug\SimpleGLUT.pdb
C:\Users\Lindsey\Documents\Visual Studio 2012\Projects\Interpolation\SimpleGLUT\Debug\vc110.pdb
C:\Users\Lindsey\Documents\Visual Studio 2012\Projects\Interpolation\SimpleGLUT\.\Debug\simpleGlut.exe
